2024-04-15 17:56:05,622 INFO notifyConnectTimeout:100

2024-04-15 17:56:05,626 INFO notifySocketTimeout:200

2024-04-15 17:56:05,626 INFO isHealthCheck:true

2024-04-15 17:56:05,626 INFO maxHealthCheckFailCount:12

2024-04-15 17:56:05,626 INFO maxContent:10485760

2024-04-15 17:57:04,469 INFO notifyConnectTimeout:100

2024-04-15 17:57:04,477 INFO notifySocketTimeout:200

2024-04-15 17:57:04,477 INFO isHealthCheck:true

2024-04-15 17:57:04,477 INFO maxHealthCheckFailCount:12

2024-04-15 17:57:04,477 INFO maxContent:10485760

2024-04-15 17:59:49,761 INFO notifyConnectTimeout:100

2024-04-15 17:59:49,768 INFO notifySocketTimeout:200

2024-04-15 17:59:49,768 INFO isHealthCheck:true

2024-04-15 17:59:49,779 INFO maxHealthCheckFailCount:12

2024-04-15 17:59:49,779 INFO maxContent:10485760

2024-04-15 17:59:57,053 WARN DumpService start

2024-04-15 17:59:57,053 INFO start clear all config-info.

2024-04-15 17:59:57,057 INFO clear all config-info success.

2024-04-15 17:59:57,057 INFO clear all config-info-tenant success.

2024-04-15 17:59:57,146 INFO All dump page size is set to 50 according to mem limit 512 MB

2024-04-15 17:59:57,146 INFO start dump all config-info...

2024-04-15 17:59:57,147 INFO success to  dump all config-info。

2024-04-15 17:59:57,147 INFO start clear all config-info-beta.

2024-04-15 17:59:57,147 INFO clear all config-info-beta success.

2024-04-15 17:59:57,147 INFO clear all config-info-beta-tenant success.

2024-04-15 17:59:57,169 INFO start clear all config-info-tag.

2024-04-15 17:59:57,169 INFO clear all config-info-tag success.

2024-04-15 17:59:57,169 INFO clear all config-info-tag-tenant success.

2024-04-15 18:03:06,019 INFO notifyConnectTimeout:100

2024-04-15 18:03:06,028 INFO notifySocketTimeout:200

2024-04-15 18:03:06,028 INFO isHealthCheck:true

2024-04-15 18:03:06,029 INFO maxHealthCheckFailCount:12

2024-04-15 18:03:06,029 INFO maxContent:10485760

2024-04-15 18:03:12,085 WARN DumpService start

2024-04-15 18:03:12,086 INFO start clear all config-info.

2024-04-15 18:03:12,087 INFO clear all config-info success.

2024-04-15 18:03:12,087 INFO clear all config-info-tenant success.

2024-04-15 18:03:12,176 INFO All dump page size is set to 50 according to mem limit 512 MB

2024-04-15 18:03:12,177 INFO start dump all config-info...

2024-04-15 18:03:12,177 INFO success to  dump all config-info。

2024-04-15 18:03:12,177 INFO start clear all config-info-beta.

2024-04-15 18:03:12,177 INFO clear all config-info-beta success.

2024-04-15 18:03:12,177 INFO clear all config-info-beta-tenant success.

2024-04-15 18:03:12,205 INFO start clear all config-info-tag.

2024-04-15 18:03:12,205 INFO clear all config-info-tag success.

2024-04-15 18:03:12,205 INFO clear all config-info-tag-tenant success.

