2024-04-15 17:59:55,633 INFO use local db service for init

2024-04-15 17:59:56,392 WARN Lexical error at line 4, column 66.  Encountered: <EOF> after : "".

2024-04-15 17:59:56,397 WARN Syntax error: Encountered "*" at line 1, column 1.

2024-04-15 17:59:56,786 WARN Lexical error at line 4, column 13.  Encountered: "`" (96), after : "".

2024-04-15 17:59:56,787 WARN Lexical error at line 1, column 13.  Encountered: "`" (96), after : "".

2024-04-15 17:59:56,787 WARN Lexical error at line 1, column 13.  Encountered: "`" (96), after : "".

2024-04-15 17:59:56,787 WARN Lexical error at line 1, column 13.  Encountered: "`" (96), after : "".

2024-04-15 17:59:56,787 INFO use StandaloneDatabaseOperateImpl

2024-04-15 18:03:11,182 INFO use local db service for init

2024-04-15 18:03:11,657 WARN Lexical error at line 4, column 66.  Encountered: <EOF> after : "".

2024-04-15 18:03:11,660 WARN Syntax error: Encountered "*" at line 1, column 1.

2024-04-15 18:03:11,694 WARN Table/View 'CONFIG_INFO' already exists in Schema 'NACOS'.

2024-04-15 18:03:11,726 WARN Table/View 'HIS_CONFIG_INFO' already exists in Schema 'NACOS'.

2024-04-15 18:03:11,742 WARN Table/View 'CONFIG_INFO_BETA' already exists in Schema 'NACOS'.

2024-04-15 18:03:11,753 WARN Table/View 'CONFIG_INFO_TAG' already exists in Schema 'NACOS'.

2024-04-15 18:03:11,762 WARN Table/View 'CONFIG_INFO_AGGR' already exists in Schema 'NACOS'.

2024-04-15 18:03:11,774 WARN Table/View 'APP_LIST' already exists in Schema 'NACOS'.

2024-04-15 18:03:11,784 WARN Table/View 'APP_CONFIGDATA_RELATION_SUBS' already exists in Schema 'NACOS'.

2024-04-15 18:03:11,794 WARN Table/View 'APP_CONFIGDATA_RELATION_PUBS' already exists in Schema 'NACOS'.

2024-04-15 18:03:11,804 WARN Table/View 'CONFIG_TAGS_RELATION' already exists in Schema 'NACOS'.

2024-04-15 18:03:11,816 WARN Table/View 'GROUP_CAPACITY' already exists in Schema 'NACOS'.

2024-04-15 18:03:11,824 WARN Table/View 'TENANT_CAPACITY' already exists in Schema 'NACOS'.

2024-04-15 18:03:11,832 WARN Table/View 'TENANT_INFO' already exists in Schema 'NACOS'.

2024-04-15 18:03:11,843 WARN Table/View 'USERS' already exists in Schema 'NACOS'.

2024-04-15 18:03:11,852 WARN Table/View 'ROLES' already exists in Schema 'NACOS'.

2024-04-15 18:03:11,861 WARN Table/View 'PERMISSIONS' already exists in Schema 'NACOS'.

2024-04-15 18:03:11,894 WARN The statement was aborted because it would have caused a duplicate key value in a unique or primary key constraint or unique index identified by 'SQL240415175956720' defined on 'USERS'.

2024-04-15 18:03:11,898 WARN The statement was aborted because it would have caused a duplicate key value in a unique or primary key constraint or unique index identified by 'UK_USERNAME_ROLE' defined on 'ROLES'.

2024-04-15 18:03:11,898 WARN Lexical error at line 4, column 13.  Encountered: "`" (96), after : "".

2024-04-15 18:03:11,899 WARN Lexical error at line 1, column 13.  Encountered: "`" (96), after : "".

2024-04-15 18:03:11,899 WARN Lexical error at line 1, column 13.  Encountered: "`" (96), after : "".

2024-04-15 18:03:11,899 WARN Lexical error at line 1, column 13.  Encountered: "`" (96), after : "".

2024-04-15 18:03:11,899 INFO use StandaloneDatabaseOperateImpl

