2024-04-15 17:59:54,558 INFO [ClientConnectionEventListenerRegistry] registry listener - ConnectionBasedClientManager

2024-04-15 17:59:57,336 INFO [ClientConnectionEventListenerRegistry] registry listener - ConfigConnectionEventListener

2024-04-15 17:59:57,394 INFO Nacos GrpcSdkServer Rpc server starting at port 9848

2024-04-15 17:59:57,543 INFO Load ProtocolNegotiatorBuilder com.alibaba.nacos.core.remote.grpc.negotiator.tls.DefaultTlsProtocolNegotiatorBuilder for type DEFAULT_TLS

2024-04-15 17:59:57,545 DEBUG TLS configuration is empty, use default value

2024-04-15 17:59:57,573 INFO Nacos Rpc server tls config:{"sslProvider":"","enableTls":false,"mutualAuthEnable":false,"trustAll":false,"sslContextRefresher":"","compatibility":true}

2024-04-15 17:59:57,584 WARN Recommended use 'nacos.remote.server.grpc.sdk.max-inbound-message-size' property instead 'nacos.remote.server.grpc.maxinbound.message.size', now property value is 10485760

2024-04-15 17:59:57,767 INFO Nacos Rpc server tls config:{"sslProvider":"","enableTls":false,"mutualAuthEnable":false,"trustAll":false,"sslContextRefresher":"","compatibility":true}

2024-04-15 17:59:57,767 INFO No RpcServerSslContextRefresher specified,Ssl Context auto refresh not supported.

2024-04-15 17:59:57,767 INFO RpcServerSslContextRefresher init end

2024-04-15 17:59:57,767 INFO Nacos GrpcSdkServer Rpc server started at port 9848

2024-04-15 17:59:57,769 INFO Nacos GrpcClusterServer Rpc server starting at port 9849

2024-04-15 17:59:57,769 WARN Recommended use 'nacos.remote.server.grpc.cluster.max-inbound-message-size' property instead 'nacos.remote.server.grpc.maxinbound.message.size', now property value is 10485760

2024-04-15 17:59:57,770 INFO Nacos GrpcClusterServer Rpc server started at port 9849

2024-04-15 17:59:57,801 INFO [ClientConnectionEventListenerRegistry] registry listener - RpcAckCallbackInitorOrCleaner

2024-04-15 18:02:21,126 INFO Nacos GrpcClusterServer Rpc server stopping

2024-04-15 18:02:21,127 INFO Nacos GrpcSdkServer Rpc server stopping

2024-04-15 18:02:21,134 INFO Nacos GrpcClusterServer Rpc server stopped successfully...

2024-04-15 18:02:21,134 INFO Nacos GrpcSdkServer Rpc server stopped successfully...

2024-04-15 18:03:10,462 INFO [ClientConnectionEventListenerRegistry] registry listener - ConnectionBasedClientManager

2024-04-15 18:03:12,374 INFO [ClientConnectionEventListenerRegistry] registry listener - ConfigConnectionEventListener

2024-04-15 18:03:12,438 INFO Nacos GrpcSdkServer Rpc server starting at port 9848

2024-04-15 18:03:12,538 INFO Load ProtocolNegotiatorBuilder com.alibaba.nacos.core.remote.grpc.negotiator.tls.DefaultTlsProtocolNegotiatorBuilder for type DEFAULT_TLS

2024-04-15 18:03:12,540 DEBUG TLS configuration is empty, use default value

2024-04-15 18:03:12,570 INFO Nacos Rpc server tls config:{"sslProvider":"","enableTls":false,"mutualAuthEnable":false,"trustAll":false,"sslContextRefresher":"","compatibility":true}

2024-04-15 18:03:12,572 WARN Recommended use 'nacos.remote.server.grpc.sdk.max-inbound-message-size' property instead 'nacos.remote.server.grpc.maxinbound.message.size', now property value is 10485760

2024-04-15 18:03:12,749 INFO Nacos Rpc server tls config:{"sslProvider":"","enableTls":false,"mutualAuthEnable":false,"trustAll":false,"sslContextRefresher":"","compatibility":true}

2024-04-15 18:03:12,749 INFO No RpcServerSslContextRefresher specified,Ssl Context auto refresh not supported.

2024-04-15 18:03:12,749 INFO RpcServerSslContextRefresher init end

2024-04-15 18:03:12,749 INFO Nacos GrpcSdkServer Rpc server started at port 9848

2024-04-15 18:03:12,751 INFO Nacos GrpcClusterServer Rpc server starting at port 9849

2024-04-15 18:03:12,751 WARN Recommended use 'nacos.remote.server.grpc.cluster.max-inbound-message-size' property instead 'nacos.remote.server.grpc.maxinbound.message.size', now property value is 10485760

2024-04-15 18:03:12,752 INFO Nacos GrpcClusterServer Rpc server started at port 9849

2024-04-15 18:03:12,787 INFO [ClientConnectionEventListenerRegistry] registry listener - RpcAckCallbackInitorOrCleaner

